Using pre-set license
Built from '2020.3/release' branch; Version is '2020.3.7f1 (dd97f2c94397) revision 14522354'; Using compiler version '192528614'; Build Type 'Release'
OS: 'Windows 10 Pro for Workstations; OS build 19044.1586; Version 2009; 64bit' Language: 'ko' Physical Memory: 65157 MB
BatchMode: 1, IsHumanControllingUs: 0, StartBugReporterOnCrash: 0, Is64bit: 1, IsPro: 0

 COMMAND LINE ARGUMENTS:
C:\Program Files\Unity\Hub\Editor\2020.3.7f1\Editor\Unity.exe
-adb2
-batchMode
-noUpm
-name
AssetImportWorker0
-projectPath
C:/Users/HCIL/Desktop/kyulee/Self MagnetSimul/Leapmotion_Task123_211022
-logFile
Logs/AssetImportWorker0.log
-srvPort
60296
Successfully changed project path to: C:/Users/HCIL/Desktop/kyulee/Self MagnetSimul/Leapmotion_Task123_211022
C:/Users/HCIL/Desktop/kyulee/Self MagnetSimul/Leapmotion_Task123_211022
Using Asset Import Pipeline V2.
Refreshing native plugins compatible for Editor in 88.84 ms, found 1 plugins.
Preloading 0 native plugins for Editor in 0.00 ms.
Initialize engine version: 2020.3.7f1 (dd97f2c94397)
[Subsystems] Discovering subsystems at path C:/Program Files/Unity/Hub/Editor/2020.3.7f1/Editor/Data/Resources/UnitySubsystems
[Subsystems] Discovering subsystems at path C:/Users/HCIL/Desktop/kyulee/Self MagnetSimul/Leapmotion_Task123_211022/Assets
GfxDevice: creating device client; threaded=0
Direct3D:
    Version:  Direct3D 11.0 [level 11.1]
    Renderer: NVIDIA Quadro P4000 (ID=0x1bb1)
    Vendor:   
    VRAM:     8089 MB
    Driver:   27.21.14.6231
Initialize mono
Mono path[0] = 'C:/Program Files/Unity/Hub/Editor/2020.3.7f1/Editor/Data/Managed'
Mono path[1] = 'C:/Program Files/Unity/Hub/Editor/2020.3.7f1/Editor/Data/MonoBleedingEdge/lib/mono/unityjit'
Mono config path = 'C:/Program Files/Unity/Hub/Editor/2020.3.7f1/Editor/Data/MonoBleedingEdge/etc'
Using monoOptions --debugger-agent=transport=dt_socket,embedding=1,server=y,suspend=n,address=127.0.0.1:56192
Begin MonoManager ReloadAssembly
Registering precompiled unity dll's ...
Register platform support module: C:/Program Files/Unity/Hub/Editor/2020.3.7f1/Editor/Data/PlaybackEngines/WindowsStandaloneSupport/UnityEditor.WindowsStandalone.Extensions.dll
Registered in 0.009697 seconds.
Native extension for WindowsStandalone target not found
Refreshing native plugins compatible for Editor in 76.07 ms, found 1 plugins.
Preloading 0 native plugins for Editor in 0.00 ms.
Mono: successfully reloaded assembly
- Completed reload, in  7.783 seconds
Platform modules already initialized, skipping
Registering precompiled user dll's ...
Registered in 0.005219 seconds.
Begin MonoManager ReloadAssembly
Native extension for WindowsStandalone target not found
Refreshing native plugins compatible for Editor in 0.54 ms, found 1 plugins.
Preloading 0 native plugins for Editor in 0.00 ms.
Mono: successfully reloaded assembly
- Completed reload, in  2.496 seconds
Platform modules already initialized, skipping
========================================================================
Worker process is ready to serve import requests
Launched and connected shader compiler UnityShaderCompiler.exe after 0.20 seconds
Refreshing native plugins compatible for Editor in 0.57 ms, found 1 plugins.
Preloading 0 native plugins for Editor in 0.00 ms.
Unloading 1477 Unused Serialized files (Serialized files now loaded: 0)
System memory in use before: 82.2 MB.
System memory in use after: 82.2 MB.

Unloading 12 unused Assets to reduce memory usage. Loaded Objects now: 1938.
Total: 4.739900 ms (FindLiveObjects: 0.456300 ms CreateObjectMapping: 0.383300 ms MarkObjects: 3.642400 ms  DeleteObjects: 0.256300 ms)

========================================================================
Received Import Request.
  path: Assets/Scenes/Task3_Magnetnumber.unity
  artifactKey: Guid(f4ef6c73e4d825f48a22c2ee14789653) Importer(815301076,1909f56bfc062723c751e8b465ee728b)
Start importing Assets/Scenes/Task3_Magnetnumber.unity using Guid(f4ef6c73e4d825f48a22c2ee14789653) Importer(815301076,1909f56bfc062723c751e8b465ee728b)  -> (artifact id: '8bd9aea47904f85fef1511874f4af08a') in 0.033161 seconds
  Import took 0.038906 seconds .

========================================================================
Received Prepare
Refreshing native plugins compatible for Editor in 7.70 ms, found 1 plugins.
Preloading 0 native plugins for Editor in 0.00 ms.
Unloading 5 Unused Serialized files (Serialized files now loaded: 0)
System memory in use before: 52.4 MB.
System memory in use after: 52.4 MB.

Unloading 5 unused Assets to reduce memory usage. Loaded Objects now: 1938.
Total: 5.670500 ms (FindLiveObjects: 0.332900 ms CreateObjectMapping: 0.076700 ms MarkObjects: 5.104100 ms  DeleteObjects: 0.153800 ms)

AssetImportWorkerClient::OnTransportError - code=2 error=End of file
